2023-07-17 10:15:50.735 [main] INFO  com.gas.SynDataApplication - Starting SynDataApplication on DESKTOP-CQSRTBV with PID 7208 (D:\SynData\target\classes started by admin in D:\SynData)
2023-07-17 10:15:50.740 [main] INFO  com.gas.SynDataApplication - The following profiles are active: test
2023-07-17 10:15:51.854 [main] INFO  o.s.c.s.PostProcessorRegistrationDelegate$BeanPostProcessorChecker - Bean 'spring.datasource.dynamic-com.baomidou.dynamic.datasource.spring.boot.autoconfigure.DynamicDataSourceProperties' of type [com.baomidou.dynamic.datasource.spring.boot.autoconfigure.DynamicDataSourceProperties] is not eligible for getting processed by all BeanPostProcessors (for example: not eligible for auto-proxying)
2023-07-17 10:15:51.858 [main] INFO  o.s.c.s.PostProcessorRegistrationDelegate$BeanPostProcessorChecker - Bean 'com.baomidou.dynamic.datasource.spring.boot.autoconfigure.DynamicDataSourceAutoConfiguration' of type [com.baomidou.dynamic.datasource.spring.boot.autoconfigure.DynamicDataSourceAutoConfiguration$$EnhancerBySpringCGLIB$$20a455c7] is not eligible for getting processed by all BeanPostProcessors (for example: not eligible for auto-proxying)
2023-07-17 10:15:51.930 [main] INFO  o.s.c.s.PostProcessorRegistrationDelegate$BeanPostProcessorChecker - Bean 'dsProcessor' of type [com.baomidou.dynamic.datasource.processor.DsHeaderProcessor] is not eligible for getting processed by all BeanPostProcessors (for example: not eligible for auto-proxying)
2023-07-17 10:15:52.161 [main] INFO  o.s.boot.web.embedded.tomcat.TomcatWebServer - Tomcat initialized with port(s): 8512 (http)
2023-07-17 10:15:52.167 [main] INFO  org.apache.coyote.http11.Http11NioProtocol - Initializing ProtocolHandler ["http-nio-8512"]
2023-07-17 10:15:52.168 [main] INFO  org.apache.catalina.core.StandardService - Starting service [Tomcat]
2023-07-17 10:15:52.168 [main] INFO  org.apache.catalina.core.StandardEngine - Starting Servlet engine: [Apache Tomcat/9.0.37]
2023-07-17 10:15:52.268 [main] INFO  o.a.c.core.ContainerBase.[Tomcat].[localhost].[/] - Initializing Spring embedded WebApplicationContext
2023-07-17 10:15:52.269 [main] INFO  o.s.b.w.s.c.ServletWebServerApplicationContext - Root WebApplicationContext: initialization completed in 1475 ms
2023-07-17 10:15:52.485 [main] INFO  com.zaxxer.hikari.HikariDataSource - master - Starting...
2023-07-17 10:15:52.990 [main] INFO  com.zaxxer.hikari.HikariDataSource - master - Start completed.
2023-07-17 10:15:52.992 [main] INFO  com.zaxxer.hikari.HikariDataSource - slave - Starting...
2023-07-17 10:15:53.181 [main] INFO  com.zaxxer.hikari.HikariDataSource - slave - Start completed.
2023-07-17 10:15:53.183 [main] INFO  com.zaxxer.hikari.HikariDataSource - customer - Starting...
2023-07-17 10:15:53.281 [main] INFO  com.zaxxer.hikari.HikariDataSource - customer - Start completed.
2023-07-17 10:15:53.282 [main] INFO  c.b.dynamic.datasource.DynamicRoutingDataSource - dynamic-datasource - add a datasource named [slave] success
2023-07-17 10:15:53.282 [main] INFO  c.b.dynamic.datasource.DynamicRoutingDataSource - dynamic-datasource - add a datasource named [master] success
2023-07-17 10:15:53.282 [main] INFO  c.b.dynamic.datasource.DynamicRoutingDataSource - dynamic-datasource - add a datasource named [customer] success
2023-07-17 10:15:53.282 [main] INFO  c.b.dynamic.datasource.DynamicRoutingDataSource - dynamic-datasource initial loaded [3] datasource,primary datasource named [master]
2023-07-17 10:15:54.542 [main] INFO  o.s.scheduling.concurrent.ThreadPoolTaskExecutor - Initializing ExecutorService 'applicationTaskExecutor'
2023-07-17 10:15:54.733 [main] INFO  o.s.scheduling.concurrent.ThreadPoolTaskScheduler - Initializing ExecutorService 'taskScheduler'
2023-07-17 10:15:54.783 [main] INFO  org.apache.coyote.http11.Http11NioProtocol - Starting ProtocolHandler ["http-nio-8512"]
2023-07-17 10:15:54.801 [main] INFO  o.s.boot.web.embedded.tomcat.TomcatWebServer - Tomcat started on port(s): 8512 (http) with context path ''
2023-07-17 10:15:54.917 [main] INFO  com.gas.SynDataApplication - Started SynDataApplication in 4.607 seconds (JVM running for 5.363)
2023-07-17 10:15:54.918 [main] INFO  com.gas.SynDataApplication - 启动完成，访问地址如下：

2023-07-17 10:15:54.918 [main] INFO  com.gas.SynDataApplication - Api文档访问地址如下：

2023-07-17 10:15:54.918 [main] INFO  com.gas.SynDataApplication - http://localhost:8512/doc.html
2023-07-17 10:18:42.942 [http-nio-8512-exec-1] INFO  o.a.c.core.ContainerBase.[Tomcat].[localhost].[/] - Initializing Spring DispatcherServlet 'dispatcherServlet'
2023-07-17 10:18:42.943 [http-nio-8512-exec-1] INFO  org.springframework.web.servlet.DispatcherServlet - Initializing Servlet 'dispatcherServlet'
2023-07-17 10:18:42.953 [http-nio-8512-exec-1] INFO  org.springframework.web.servlet.DispatcherServlet - Completed initialization in 10 ms
